{
  "Cucumber Features": {
    "coverage": {
      "/home/ubuntu/workspace/BUMS/app/controllers/events_controller.rb": [
        1,
        null,
        1,
        2,
        null,
        null,
        1,
        10,
        10,
        null,
        null,
        1,
        39,
        null,
        null,
        39,
        39,
        39,
        null,
        39,
        39,
        39,
        null,
        39,
        null,
        39,
        34,
        null,
        5,
        null,
        null,
        39,
        44,
        null,
        null,
        39,
        null,
        null,
        39,
        39,
        39,
        null,
        null,
        1,
        null,
        null,
        1,
        1,
        1,
        1,
        null,
        null,
        1,
        3,
        3,
        null,
        null,
        1,
        1,
        1,
        1,
        1,
        null,
        null,
        1,
        1,
        1,
        1,
        1,
        null,
        null,
        null
      ],
      "/home/ubuntu/workspace/BUMS/app/controllers/application_controller.rb": [
        1,
        1,
        1,
        null,
        1,
        null,
        41,
        null,
        41,
        null,
        null
      ],
      "/home/ubuntu/workspace/BUMS/app/helpers/application_helper.rb": [
        1,
        null
      ],
      "/home/ubuntu/workspace/BUMS/app/helpers/home_helper.rb": [
        1,
        null
      ],
      "/home/ubuntu/workspace/BUMS/app/helpers/sessions_helper.rb": [
        1,
        null
      ],
      "/home/ubuntu/workspace/BUMS/app/models/event.rb": [
        1,
        1,
        1,
        39,
        null,
        null
      ],
      "/home/ubuntu/workspace/BUMS/app/models/user.rb": [
        1,
        1,
        2,
        2,
        null,
        null,
        null,
        null,
        null,
        null,
        2,
        2,
        null,
        null,
        null,
        null,
        null,
        null,
        null,
        null,
        null,
        null,
        null,
        null,
        null,
        null,
        null,
        null,
        null,
        null
      ],
      "/home/ubuntu/workspace/BUMS/app/controllers/sessions_controller.rb": [
        1,
        1,
        2,
        2,
        2,
        null,
        null,
        1,
        1,
        1,
        null,
        null,
        null
      ],
      "/home/ubuntu/workspace/BUMS/app/controllers/home_controller.rb": [
        0,
        0,
        0,
        0
      ]
    },
    "timestamp": 1493643043
  },
  "RSpec": {
    "coverage": {
      "/home/ubuntu/workspace/BUMS/app/helpers/application_helper.rb": [
        1,
        null
      ],
      "/home/ubuntu/workspace/BUMS/app/helpers/home_helper.rb": [
        1,
        null
      ],
      "/home/ubuntu/workspace/BUMS/app/helpers/sessions_helper.rb": [
        1,
        null
      ],
      "/home/ubuntu/workspace/BUMS/app/controllers/events_controller.rb": [
        1,
        null,
        1,
        3,
        null,
        null,
        1,
        2,
        2,
        null,
        null,
        1,
        6,
        null,
        null,
        6,
        6,
        6,
        null,
        6,
        6,
        6,
        null,
        6,
        null,
        6,
        4,
        null,
        2,
        null,
        null,
        6,
        6,
        null,
        null,
        6,
        null,
        null,
        6,
        6,
        6,
        null,
        null,
        1,
        null,
        null,
        1,
        3,
        3,
        3,
        null,
        null,
        1,
        1,
        1,
        null,
        null,
        1,
        0,
        0,
        0,
        0,
        null,
        null,
        1,
        4,
        4,
        4,
        4,
        null,
        null,
        null
      ],
      "/home/ubuntu/workspace/BUMS/app/controllers/application_controller.rb": [
        1,
        1,
        1,
        null,
        1,
        null,
        0,
        null,
        0,
        null,
        null
      ],
      "/home/ubuntu/workspace/BUMS/app/models/user.rb": [
        1,
        1,
        4,
        4,
        null,
        null,
        null,
        null,
        null,
        null,
        4,
        4,
        null,
        null,
        null,
        null,
        null,
        null,
        null,
        null,
        null,
        null,
        null,
        null,
        null,
        null,
        null,
        null,
        null,
        null
      ],
      "/home/ubuntu/workspace/BUMS/app/models/event.rb": [
        1,
        1,
        1,
        6,
        null,
        null
      ],
      "/home/ubuntu/workspace/BUMS/app/controllers/home_controller.rb": [
        0,
        0,
        0,
        0
      ],
      "/home/ubuntu/workspace/BUMS/app/controllers/sessions_controller.rb": [
        0,
        0,
        0,
        0,
        0,
        0,
        0,
        0,
        0,
        0,
        0,
        0,
        0
      ]
    },
    "timestamp": 1493643038
  }
}
